<?xml version="1.0" encoding="UTF-8"?>
<testng-results ignored="0" total="0" passed="0" failed="0" skipped="0">
  <reporter-output>
  </reporter-output>
  <suite started-at="2022-12-16T19:59:35 KST" name="com.mycom.myapp.DataSourceTest" finished-at="2022-12-16T19:59:35 KST" duration-ms="87">
    <groups>
    </groups>
    <test started-at="2022-12-16T19:59:35 KST" name="Command line test" finished-at="2022-12-16T19:59:35 KST" duration-ms="87">
    </test> <!-- Command line test -->
  </suite> <!-- com.mycom.myapp.DataSourceTest -->
</testng-results>
